#
# There is insufficient memory for the Java Runtime Environment to continue.
# Native memory allocation (malloc) failed to allocate 1048576 bytes for AllocateHeap
# Possible reasons:
#   The system is out of physical RAM or swap space
#   The process is running with CompressedOops enabled, and the Java Heap may be blocking the growth of the native heap
# Possible solutions:
#   Reduce memory load on the system
#   Increase physical memory or swap space
#   Check if swap backing store is full
#   Decrease Java heap size (-Xmx/-Xms)
#   Decrease number of Java threads
#   Decrease Java thread stack sizes (-Xss)
#   Set larger code cache with -XX:ReservedCodeCacheSize=
#   JVM is running with Unscaled Compressed Oops mode in which the Java heap is
#     placed in the first 4GB address space. The Java Heap base address is the
#     maximum limit for the native heap growth. Please use -XX:HeapBaseMinAddress
#     to set the Java Heap base and to place the Java Heap above 4GB virtual address.
# This output file may be truncated or incomplete.
#
#  Out of Memory Error (allocation.cpp:44), pid=18092, tid=23092
#
# JRE version:  (17.0.9+11) (build )
# Java VM: Java HotSpot(TM) 64-Bit Server VM (17.0.9+11-LTS-201, mixed mode, sharing, tiered, compressed oops, compressed class ptrs, g1 gc, windows-amd64)
# No core dump will be written. Minidumps are not enabled by default on client versions of Windows
#

---------------  S U M M A R Y ------------

Command Line: -Xmx64m -Xms64m -Dorg.gradle.appname=gradlew org.gradle.wrapper.GradleWrapperMain app:installDebug -PreactNativeDevServerPort=8081

Host: Intel(R) Core(TM) i5-10300H CPU @ 2.50GHz, 8 cores, 7G,  Windows 11 , 64 bit Build 22621 (10.0.22621.3374)
Time: Fri May  3 16:09:52 2024 India Standard Time elapsed time: 0.021381 seconds (0d 0h 0m 0s)

---------------  T H R E A D  ---------------

Current thread (0x000002e2df2a7910):  JavaThread "Unknown thread" [_thread_in_vm, id=23092, stack(0x000000e567200000,0x000000e567300000)]

Stack: [0x000000e567200000,0x000000e567300000]
Native frames: (J=compiled Java code, j=interpreted, Vv=VM code, C=native code)
V  [jvm.dll+0x678a4a]
V  [jvm.dll+0x7d9cfd]
V  [jvm.dll+0x7db60e]
V  [jvm.dll+0x7dbc73]
V  [jvm.dll+0x245e1f]
V  [jvm.dll+0xa5173]
V  [jvm.dll+0x2e389e]
V  [jvm.dll+0x2db5bb]
V  [jvm.dll+0x7ab6b1]
V  [jvm.dll+0x368041]
V  [jvm.dll+0x78a749]
V  [jvm.dll+0x3ebd4f]
V  [jvm.dll+0x3ed7d1]
C  [jli.dll+0x5297]
C  [ucrtbase.dll+0x29333]
C  [KERNEL32.DLL+0x1257d]
C  [ntdll.dll+0x5aa48]


---------------  P R O C E S S  ---------------

Threads class SMR info:
_java_thread_list=0x00007ffa87a289d8, length=0, elements={
}

Java Threads: ( => current thread )

Other Threads:
  0x000002e2df2c8fd0 GCTaskThread "GC Thread#0" [stack: 0x000000e567300000,0x000000e567400000] [id=17964]

[error occurred during error reporting (printing all threads), id 0xc0000005, EXCEPTION_ACCESS_VIOLATION (0xc0000005) at pc=0x00007ffa87258810]

VM state: not at safepoint (not fully initialized)

VM Mutex/Monitor currently owned by a thread:  ([mutex/lock_event])
[0x000002e2df2a3bf0] Heap_lock - owner thread: 0x000002e2df2a7910

Heap address: 0x00000000fc000000, size: 64 MB, Compressed Oops mode: 32-bit

CDS archive(s) mapped at: [0x0000000000000000-0x0000000000000000-0x0000000000000000), size 0, SharedBaseAddress: 0x0000000800000000, ArchiveRelocationMode: 1.
Narrow klass base: 0x0000000000000000, Narrow klass shift: 0, Narrow klass range: 0x0

GC Precious Log:
<Empty>

Heap:
 garbage-first heap   total 0K, used 0K [0x00000000fc000000, 0x0000000100000000)
  region size 1024K, 0 young (0K), 0 survivors (0K)

[error occurred during error reporting (printing heap information), id 0xc0000005, EXCEPTION_ACCESS_VIOLATION (0xc0000005) at pc=0x00007ffa87642229]

GC Heap History (0 events):
No events

Deoptimization events (0 events):
No events

Classes unloaded (0 events):
No events

Classes redefined (0 events):
No events

Internal exceptions (0 events):
No events

VM Operations (0 events):
No events

Events (1 events):
Event: 0.010 Loaded shared library C:\Program Files\Java\jdk-17\bin\java.dll


Dynamic libraries:
0x00007ff72e080000 - 0x00007ff72e090000 	C:\Program Files\Java\jdk-17\bin\java.exe
0x00007ffb41210000 - 0x00007ffb41426000 	C:\WINDOWS\SYSTEM32\ntdll.dll
0x00007ffb41050000 - 0x00007ffb41114000 	C:\WINDOWS\System32\KERNEL32.DLL
0x00007ffb3e6d0000 - 0x00007ffb3ea77000 	C:\WINDOWS\System32\KERNELBASE.dll
0x00007ffb3ee20000 - 0x00007ffb3ef31000 	C:\WINDOWS\System32\ucrtbase.dll
0x00007ffb03840000 - 0x00007ffb03859000 	C:\Program Files\Java\jdk-17\bin\jli.dll
0x00007ffb3ef70000 - 0x00007ffb3f022000 	C:\WINDOWS\System32\ADVAPI32.dll
0x00007ffb41120000 - 0x00007ffb411c7000 	C:\WINDOWS\System32\msvcrt.dll
0x00007ffb3fbb0000 - 0x00007ffb3fc58000 	C:\WINDOWS\System32\sechost.dll
0x00007ffb3e530000 - 0x00007ffb3e558000 	C:\WINDOWS\System32\bcrypt.dll
0x00007ffb12e70000 - 0x00007ffb12e8b000 	C:\Program Files\Java\jdk-17\bin\VCRUNTIME140.dll
0x00007ffb3fe60000 - 0x00007ffb3ff75000 	C:\WINDOWS\System32\RPCRT4.dll
0x00007ffb40db0000 - 0x00007ffb40f5e000 	C:\WINDOWS\System32\USER32.dll
0x00007ffb3ed80000 - 0x00007ffb3eda6000 	C:\WINDOWS\System32\win32u.dll
0x00007ffb3ef40000 - 0x00007ffb3ef69000 	C:\WINDOWS\System32\GDI32.dll
0x00007ffb3eba0000 - 0x00007ffb3ecb9000 	C:\WINDOWS\System32\gdi32full.dll
0x00007ffb3ea80000 - 0x00007ffb3eb1a000 	C:\WINDOWS\System32\msvcp_win.dll
0x00007ffb1d430000 - 0x00007ffb1d6c3000 	C:\WINDOWS\WinSxS\amd64_microsoft.windows.common-controls_6595b64144ccf1df_6.0.22621.3235_none_270f74e173860f98\COMCTL32.dll
0x00007ffb36120000 - 0x00007ffb3612a000 	C:\WINDOWS\SYSTEM32\VERSION.dll
0x00007ffb40c10000 - 0x00007ffb40c41000 	C:\WINDOWS\System32\IMM32.DLL
0x00007ffb25860000 - 0x00007ffb2586c000 	C:\Program Files\Java\jdk-17\bin\vcruntime140_1.dll
0x00007ffadcd70000 - 0x00007ffadcdfe000 	C:\Program Files\Java\jdk-17\bin\msvcp140.dll
0x00007ffa86f70000 - 0x00007ffa87b51000 	C:\Program Files\Java\jdk-17\bin\server\jvm.dll
0x00007ffb3f130000 - 0x00007ffb3f138000 	C:\WINDOWS\System32\PSAPI.DLL
0x00007ffb3abd0000 - 0x00007ffb3abd9000 	C:\WINDOWS\SYSTEM32\WSOCK32.dll
0x00007ffb3f4e0000 - 0x00007ffb3f551000 	C:\WINDOWS\System32\WS2_32.dll
0x00007ffb366f0000 - 0x00007ffb36724000 	C:\WINDOWS\SYSTEM32\WINMM.dll
0x00007ffb3d660000 - 0x00007ffb3d678000 	C:\WINDOWS\SYSTEM32\kernel.appcore.dll
0x00007ffb25680000 - 0x00007ffb2568a000 	C:\Program Files\Java\jdk-17\bin\jimage.dll
0x00007ffb3b8d0000 - 0x00007ffb3bb03000 	C:\WINDOWS\SYSTEM32\DBGHELP.DLL
0x00007ffb3f150000 - 0x00007ffb3f4d8000 	C:\WINDOWS\System32\combase.dll
0x00007ffb40f70000 - 0x00007ffb41047000 	C:\WINDOWS\System32\OLEAUT32.dll
0x00007ffb2b170000 - 0x00007ffb2b1a2000 	C:\WINDOWS\SYSTEM32\dbgcore.DLL
0x00007ffb3eb20000 - 0x00007ffb3eb99000 	C:\WINDOWS\System32\bcryptPrimitives.dll
0x00007ffae9710000 - 0x00007ffae9735000 	C:\Program Files\Java\jdk-17\bin\java.dll

dbghelp: loaded successfully - version: 4.0.5 - missing functions: none
symbol engine: initialized successfully - sym options: 0x614 - pdb path: .;C:\Program Files\Java\jdk-17\bin;C:\WINDOWS\SYSTEM32;C:\WINDOWS\WinSxS\amd64_microsoft.windows.common-controls_6595b64144ccf1df_6.0.22621.3235_none_270f74e173860f98;C:\Program Files\Java\jdk-17\bin\server

VM Arguments:
jvm_args: -Xmx64m -Xms64m -Dorg.gradle.appname=gradlew 
java_command: org.gradle.wrapper.GradleWrapperMain app:installDebug -PreactNativeDevServerPort=8081
java_class_path (initial): C:\Users\vivek\c tutorial course\app\newapp\android\\gradle\wrapper\gradle-wrapper.jar
Launcher Type: SUN_STANDARD

[Global flags]
     intx CICompilerCount                          = 4                                         {product} {ergonomic}
     uint ConcGCThreads                            = 2                                         {product} {ergonomic}
     uint G1ConcRefinementThreads                  = 8                                         {product} {ergonomic}
   size_t G1HeapRegionSize                         = 1048576                                   {product} {ergonomic}
    uintx GCDrainStackTargetSize                   = 64                                        {product} {ergonomic}
   size_t InitialHeapSize                          = 67108864                                  {product} {command line}
   size_t MarkStackSize                            = 4194304                                   {product} {ergonomic}
   size_t MaxHeapSize                              = 67108864                                  {product} {command line}
   size_t MinHeapDeltaBytes                        = 1048576                                   {product} {ergonomic}
   size_t MinHeapSize                              = 67108864                                  {product} {command line}
    uintx NonNMethodCodeHeapSize                   = 5839372                                {pd product} {ergonomic}
    uintx NonProfiledCodeHeapSize                  = 122909434                              {pd product} {ergonomic}
    uintx ProfiledCodeHeapSize                     = 122909434                              {pd product} {ergonomic}
    uintx ReservedCodeCacheSize                    = 251658240                              {pd product} {ergonomic}
     bool SegmentedCodeCache                       = true                                      {product} {ergonomic}
   size_t SoftMaxHeapSize                          = 67108864                               {manageable} {ergonomic}
     bool UseCompressedClassPointers               = true                           {product lp64_product} {ergonomic}
     bool UseCompressedOops                        = true                           {product lp64_product} {ergonomic}
     bool UseG1GC                                  = true                                      {product} {ergonomic}
     bool UseLargePagesIndividualAllocation        = false                                  {pd product} {ergonomic}

Logging:
Log output configuration:
 #0: stdout all=warning uptime,level,tags
 #1: stderr all=off uptime,level,tags

Environment Variables:
JAVA_HOME=C:\Program Files\Java\jdk-17
CLASSPATH=C:\Users\vivek\c tutorial course\app\newapp\android\\gradle\wrapper\gradle-wrapper.jar
PATH=C:\Users\vivek\c tutorial course\app\newapp\node_modules\.bin;C:\Users\vivek\c tutorial course\app\newapp\node_modules\.bin;C:\Users\vivek\c tutorial course\app\node_modules\.bin;C:\Users\vivek\c tutorial course\node_modules\.bin;C:\Users\vivek\node_modules\.bin;C:\Users\node_modules\.bin;C:\node_modules\.bin;C:\Users\vivek\AppData\Roaming\npm\node_modules\npm\node_modules\@npmcli\run-script\lib\node-gyp-bin;C:\Users\vivek\c tutorial course\app\newapp\node_modules\.bin;C:\Users\vivek\c tutorial course\app\newapp\node_modules\.bin;C:\Users\vivek\c tutorial course\app\node_modules\.bin;C:\Users\vivek\c tutorial course\node_modules\.bin;C:\Users\vivek\node_modules\.bin;C:\Users\node_modules\.bin;C:\node_modules\.bin;C:\Users\vivek\AppData\Roaming\npm\node_modules\npm\node_modules\@npmcli\run-script\lib\node-gyp-bin;C:\Program Files\Java\jdk-17\bin;C:\Program Files\Common Files\Oracle\Java\javapath;C:\Python39\Scripts\;C:\Python39\;C:\Windows\system32;C:\Windows;C:\Windows\System32\Wbem;C:\Windows\System32\WindowsPowerShell\v1.0\;C:\Windows\System32\OpenSSH\;C:\Program Files (x86)\NVIDIA Corporation\PhysX\Common;C:\Program Files\NVIDIA Corporation\NVIDIA NvDLISR;C:\Program Files\dotnet\;C:\WINDOWS\system32;C:\WINDOWS;C:\WINDOWS\System32\Wbem;C:\WINDOWS\System32\WindowsPowerShell\v1.0\;C:\WINDOWS\System32\OpenSSH\;C:\Program Files\Git\cmd;C:\ProgramData\chocolatey\bin;C:\ProgramData\nvm;C:\Program Files\nodejs;C:\Users\vivek\AppData\Local\Android\Sdk;C:\Users\vivek\AppData\Local\Android\Sdk\platform-tools;C:\Program Files\Java\jdk-17;C:\Program Files\MySQL\MySQL Shell 8.0\bin\;C:\Users\vivek\AppData\Local\Microsoft\WindowsApps;C:\Users\vivek\AppData\Local\Programs\Microsoft VS Code\bin;C:\Program Files (x86)\mingw-w64\i686-8.1.0-posix-dwarf-rt_v6-rev0\mingw32\bin;C:\Program Files\JetBrains\IntelliJ IDEA Community Edition 2021.2.1\bin;;D:\Flutter\flutter\bin;C:\Users\vivek\AppData\Roaming\npm;C:\Users\vivek\AppData\Local\Android\Sdk;C:\Users\vivek\AppData\Local\Android\
USERNAME=vivek
LANG=en_US.UTF-8
OS=Windows_NT
PROCESSOR_IDENTIFIER=Intel64 Family 6 Model 165 Stepping 2, GenuineIntel



---------------  S Y S T E M  ---------------

OS:
 Windows 11 , 64 bit Build 22621 (10.0.22621.3374)
OS uptime: 0 days 6:19 hours

CPU: total 8 (initial active 8) (4 cores per cpu, 2 threads per core) family 6 model 165 stepping 2 microcode 0xf8, cx8, cmov, fxsr, ht, mmx, 3dnowpref, sse, sse2, sse3, ssse3, sse4.1, sse4.2, popcnt, lzcnt, tsc, tscinvbit, avx, avx2, aes, erms, clmul, bmi1, bmi2, adx, fma, vzeroupper, clflush, clflushopt

Memory: 4k page, system-wide physical 7985M (397M free)
TotalPageFile size 16929M (AvailPageFile size 3M)
current process WorkingSet (physical memory assigned to process): 10M, peak: 10M
current process commit charge ("private bytes"): 58M, peak: 59M

vm_info: Java HotSpot(TM) 64-Bit Server VM (17.0.9+11-LTS-201) for windows-amd64 JRE (17.0.9+11-LTS-201), built on Oct 10 2023 23:16:06 by "mach5one" with MS VC++ 17.1 (VS2022)

END.
