#
# There is insufficient memory for the Java Runtime Environment to continue.
# Native memory allocation (malloc) failed to allocate 32744 bytes for ChunkPool::allocate
# Possible reasons:
#   The system is out of physical RAM or swap space
#   The process is running with CompressedOops enabled, and the Java Heap may be blocking the growth of the native heap
# Possible solutions:
#   Reduce memory load on the system
#   Increase physical memory or swap space
#   Check if swap backing store is full
#   Decrease Java heap size (-Xmx/-Xms)
#   Decrease number of Java threads
#   Decrease Java thread stack sizes (-Xss)
#   Set larger code cache with -XX:ReservedCodeCacheSize=
#   JVM is running with Unscaled Compressed Oops mode in which the Java heap is
#     placed in the first 4GB address space. The Java Heap base address is the
#     maximum limit for the native heap growth. Please use -XX:HeapBaseMinAddress
#     to set the Java Heap base and to place the Java Heap above 4GB virtual address.
# This output file may be truncated or incomplete.
#
#  Out of Memory Error (arena.cpp:78), pid=22828, tid=13324
#
# JRE version: Java(TM) SE Runtime Environment (17.0.9+11) (build 17.0.9+11-LTS-201)
# Java VM: Java HotSpot(TM) 64-Bit Server VM (17.0.9+11-LTS-201, mixed mode, sharing, tiered, compressed oops, compressed class ptrs, g1 gc, windows-amd64)
# No core dump will be written. Minidumps are not enabled by default on client versions of Windows
#

---------------  S U M M A R Y ------------

Command Line: -Xmx64m -Xms64m -Dorg.gradle.appname=gradlew org.gradle.wrapper.GradleWrapperMain app:installDebug -PreactNativeDevServerPort=8081

Host: Intel(R) Core(TM) i5-10300H CPU @ 2.50GHz, 8 cores, 7G,  Windows 11 , 64 bit Build 22621 (10.0.22621.3374)
Time: Fri May  3 16:11:29 2024 India Standard Time elapsed time: 0.272590 seconds (0d 0h 0m 0s)

---------------  T H R E A D  ---------------

Current thread (0x0000026b000fe4e0):  JavaThread "C1 CompilerThread0" daemon [_thread_in_native, id=13324, stack(0x000000d063400000,0x000000d063500000)]


Current CompileTask:
C1:    272  402       3       java.util.regex.Pattern::escape (1327 bytes)

Stack: [0x000000d063400000,0x000000d063500000]
Native frames: (J=compiled Java code, j=interpreted, Vv=VM code, C=native code)
V  [jvm.dll+0x678a4a]
V  [jvm.dll+0x7d9cfd]
V  [jvm.dll+0x7db60e]
V  [jvm.dll+0x7dbc73]
V  [jvm.dll+0x245e1f]
V  [jvm.dll+0xaad50]
V  [jvm.dll+0xab09c]
V  [jvm.dll+0x1750ba]
V  [jvm.dll+0x176776]
V  [jvm.dll+0x179ebf]
V  [jvm.dll+0x134e03]
V  [jvm.dll+0x13471f]
V  [jvm.dll+0x134958]
V  [jvm.dll+0x133df1]
V  [jvm.dll+0x135a8d]
V  [jvm.dll+0x2272de]
V  [jvm.dll+0x22548b]
V  [jvm.dll+0x78f58c]
V  [jvm.dll+0x78998a]
V  [jvm.dll+0x677875]
C  [ucrtbase.dll+0x29333]
C  [KERNEL32.DLL+0x1257d]
C  [ntdll.dll+0x5aa48]


---------------  P R O C E S S  ---------------

Threads class SMR info:
_java_thread_list=0x0000026b19a50040, length=13, elements={
0x0000026b00038440, 0x0000026b000dfd60, 0x0000026b000e0be0, 0x0000026b000f3f80,
0x0000026b000f4b40, 0x0000026b000f7510, 0x0000026b000f7ed0, 0x0000026b196d6400,
0x0000026b000fe4e0, 0x0000026b196da2c0, 0x0000026b19936030, 0x0000026b1993b7d0,
0x0000026b19ab9230
}

Java Threads: ( => current thread )
  0x0000026b00038440 JavaThread "main" [_thread_in_Java, id=18928, stack(0x000000d062600000,0x000000d062700000)]
  0x0000026b000dfd60 JavaThread "Reference Handler" daemon [_thread_blocked, id=2960, stack(0x000000d062d00000,0x000000d062e00000)]
  0x0000026b000e0be0 JavaThread "Finalizer" daemon [_thread_blocked, id=2484, stack(0x000000d062e00000,0x000000d062f00000)]
  0x0000026b000f3f80 JavaThread "Signal Dispatcher" daemon [_thread_blocked, id=17704, stack(0x000000d062f00000,0x000000d063000000)]
  0x0000026b000f4b40 JavaThread "Attach Listener" daemon [_thread_blocked, id=13464, stack(0x000000d063000000,0x000000d063100000)]
  0x0000026b000f7510 JavaThread "Service Thread" daemon [_thread_blocked, id=23852, stack(0x000000d063100000,0x000000d063200000)]
  0x0000026b000f7ed0 JavaThread "Monitor Deflation Thread" daemon [_thread_blocked, id=11372, stack(0x000000d063200000,0x000000d063300000)]
  0x0000026b196d6400 JavaThread "C2 CompilerThread0" daemon [_thread_in_native, id=23812, stack(0x000000d063300000,0x000000d063400000)]
=>0x0000026b000fe4e0 JavaThread "C1 CompilerThread0" daemon [_thread_in_native, id=13324, stack(0x000000d063400000,0x000000d063500000)]
  0x0000026b196da2c0 JavaThread "Sweeper thread" daemon [_thread_blocked, id=24488, stack(0x000000d063500000,0x000000d063600000)]
  0x0000026b19936030 JavaThread "Notification Thread" daemon [_thread_blocked, id=22792, stack(0x000000d063600000,0x000000d063700000)]
  0x0000026b1993b7d0 JavaThread "Common-Cleaner" daemon [_thread_blocked, id=18524, stack(0x000000d063800000,0x000000d063900000)]
  0x0000026b19ab9230 JavaThread "C2 CompilerThread1" daemon [_thread_in_native, id=20076, stack(0x000000d063900000,0x000000d063a00000)]

Other Threads:
  0x0000026b000d8d40 VMThread "VM Thread" [stack: 0x000000d062c00000,0x000000d062d00000] [id=12352]
  0x0000026b19938520 WatcherThread [stack: 0x000000d063700000,0x000000d063800000] [id=12032]
  0x0000026b00058c90 GCTaskThread "GC Thread#0" [stack: 0x000000d062700000,0x000000d062800000] [id=24112]
  0x0000026b0005a3f0 ConcurrentGCThread "G1 Main Marker" [stack: 0x000000d062800000,0x000000d062900000] [id=3164]
  0x0000026b0005be10 ConcurrentGCThread "G1 Conc#0" [stack: 0x000000d062900000,0x000000d062a00000] [id=18700]
  0x0000026b000be410 ConcurrentGCThread "G1 Refine#0" [stack: 0x000000d062a00000,0x000000d062b00000] [id=18496]
  0x0000026b000bee40 ConcurrentGCThread "G1 Service" [stack: 0x000000d062b00000,0x000000d062c00000] [id=5316]

Threads with active compile tasks:
C2 CompilerThread0      303  411   !   4       java.util.zip.ZipFile$Source::checkAndAddEntry (262 bytes)
C1 CompilerThread0      303  402       3       java.util.regex.Pattern::escape (1327 bytes)
C2 CompilerThread1      303  400       4       java.util.regex.Matcher::match (154 bytes)

VM state: not at safepoint (normal execution)

VM Mutex/Monitor currently owned by a thread: None

Heap address: 0x00000000fc000000, size: 64 MB, Compressed Oops mode: 32-bit

CDS archive(s) mapped at: [0x0000026b1a000000-0x0000026b1abd0000-0x0000026b1abd0000), size 12386304, SharedBaseAddress: 0x0000026b1a000000, ArchiveRelocationMode: 1.
Compressed class space mapped at: 0x0000026b1b000000-0x0000026b5b000000, reserved size: 1073741824
Narrow klass base: 0x0000026b1a000000, Narrow klass shift: 0, Narrow klass range: 0x100000000

GC Precious Log:
 CPUs: 8 total, 8 available
 Memory: 7985M
 Large Page Support: Disabled
 NUMA Support: Disabled
 Compressed Oops: Enabled (32-bit)
 Heap Region Size: 1M
 Heap Min Capacity: 64M
 Heap Initial Capacity: 64M
 Heap Max Capacity: 64M
 Pre-touch: Disabled
 Parallel Workers: 8
 Concurrent Workers: 2
 Concurrent Refinement Workers: 8
 Periodic GC: Disabled

Heap:
 garbage-first heap   total 65536K, used 7168K [0x00000000fc000000, 0x0000000100000000)
  region size 1024K, 9 young (9216K), 0 survivors (0K)
 Metaspace       used 1681K, committed 1728K, reserved 1114112K
  class space    used 161K, committed 192K, reserved 1048576K

Heap Regions: E=young(eden), S=young(survivor), O=old, HS=humongous(starts), HC=humongous(continues), CS=collection set, F=free, OA=open archive, CA=closed archive, TAMS=top-at-mark-start (previous, next)
|   0|0x00000000fc000000, 0x00000000fc000000, 0x00000000fc100000|  0%| F|  |TAMS 0x00000000fc000000, 0x00000000fc000000| Untracked 
|   1|0x00000000fc100000, 0x00000000fc100000, 0x00000000fc200000|  0%| F|  |TAMS 0x00000000fc100000, 0x00000000fc100000| Untracked 
|   2|0x00000000fc200000, 0x00000000fc200000, 0x00000000fc300000|  0%| F|  |TAMS 0x00000000fc200000, 0x00000000fc200000| Untracked 
|   3|0x00000000fc300000, 0x00000000fc300000, 0x00000000fc400000|  0%| F|  |TAMS 0x00000000fc300000, 0x00000000fc300000| Untracked 
|   4|0x00000000fc400000, 0x00000000fc400000, 0x00000000fc500000|  0%| F|  |TAMS 0x00000000fc400000, 0x00000000fc400000| Untracked 
|   5|0x00000000fc500000, 0x00000000fc500000, 0x00000000fc600000|  0%| F|  |TAMS 0x00000000fc500000, 0x00000000fc500000| Untracked 
|   6|0x00000000fc600000, 0x00000000fc600000, 0x00000000fc700000|  0%| F|  |TAMS 0x00000000fc600000, 0x00000000fc600000| Untracked 
|   7|0x00000000fc700000, 0x00000000fc700000, 0x00000000fc800000|  0%| F|  |TAMS 0x00000000fc700000, 0x00000000fc700000| Untracked 
|   8|0x00000000fc800000, 0x00000000fc800000, 0x00000000fc900000|  0%| F|  |TAMS 0x00000000fc800000, 0x00000000fc800000| Untracked 
|   9|0x00000000fc900000, 0x00000000fc900000, 0x00000000fca00000|  0%| F|  |TAMS 0x00000000fc900000, 0x00000000fc900000| Untracked 
|  10|0x00000000fca00000, 0x00000000fca00000, 0x00000000fcb00000|  0%| F|  |TAMS 0x00000000fca00000, 0x00000000fca00000| Untracked 
|  11|0x00000000fcb00000, 0x00000000fcb00000, 0x00000000fcc00000|  0%| F|  |TAMS 0x00000000fcb00000, 0x00000000fcb00000| Untracked 
|  12|0x00000000fcc00000, 0x00000000fcc00000, 0x00000000fcd00000|  0%| F|  |TAMS 0x00000000fcc00000, 0x00000000fcc00000| Untracked 
|  13|0x00000000fcd00000, 0x00000000fcd00000, 0x00000000fce00000|  0%| F|  |TAMS 0x00000000fcd00000, 0x00000000fcd00000| Untracked 
|  14|0x00000000fce00000, 0x00000000fce00000, 0x00000000fcf00000|  0%| F|  |TAMS 0x00000000fce00000, 0x00000000fce00000| Untracked 
|  15|0x00000000fcf00000, 0x00000000fcf00000, 0x00000000fd000000|  0%| F|  |TAMS 0x00000000fcf00000, 0x00000000fcf00000| Untracked 
|  16|0x00000000fd000000, 0x00000000fd000000, 0x00000000fd100000|  0%| F|  |TAMS 0x00000000fd000000, 0x00000000fd000000| Untracked 
|  17|0x00000000fd100000, 0x00000000fd100000, 0x00000000fd200000|  0%| F|  |TAMS 0x00000000fd100000, 0x00000000fd100000| Untracked 
|  18|0x00000000fd200000, 0x00000000fd200000, 0x00000000fd300000|  0%| F|  |TAMS 0x00000000fd200000, 0x00000000fd200000| Untracked 
|  19|0x00000000fd300000, 0x00000000fd300000, 0x00000000fd400000|  0%| F|  |TAMS 0x00000000fd300000, 0x00000000fd300000| Untracked 
|  20|0x00000000fd400000, 0x00000000fd400000, 0x00000000fd500000|  0%| F|  |TAMS 0x00000000fd400000, 0x00000000fd400000| Untracked 
|  21|0x00000000fd500000, 0x00000000fd500000, 0x00000000fd600000|  0%| F|  |TAMS 0x00000000fd500000, 0x00000000fd500000| Untracked 
|  22|0x00000000fd600000, 0x00000000fd600000, 0x00000000fd700000|  0%| F|  |TAMS 0x00000000fd600000, 0x00000000fd600000| Untracked 
|  23|0x00000000fd700000, 0x00000000fd700000, 0x00000000fd800000|  0%| F|  |TAMS 0x00000000fd700000, 0x00000000fd700000| Untracked 
|  24|0x00000000fd800000, 0x00000000fd800000, 0x00000000fd900000|  0%| F|  |TAMS 0x00000000fd800000, 0x00000000fd800000| Untracked 
|  25|0x00000000fd900000, 0x00000000fd900000, 0x00000000fda00000|  0%| F|  |TAMS 0x00000000fd900000, 0x00000000fd900000| Untracked 
|  26|0x00000000fda00000, 0x00000000fda00000, 0x00000000fdb00000|  0%| F|  |TAMS 0x00000000fda00000, 0x00000000fda00000| Untracked 
|  27|0x00000000fdb00000, 0x00000000fdb00000, 0x00000000fdc00000|  0%| F|  |TAMS 0x00000000fdb00000, 0x00000000fdb00000| Untracked 
|  28|0x00000000fdc00000, 0x00000000fdc00000, 0x00000000fdd00000|  0%| F|  |TAMS 0x00000000fdc00000, 0x00000000fdc00000| Untracked 
|  29|0x00000000fdd00000, 0x00000000fdd00000, 0x00000000fde00000|  0%| F|  |TAMS 0x00000000fdd00000, 0x00000000fdd00000| Untracked 
|  30|0x00000000fde00000, 0x00000000fde00000, 0x00000000fdf00000|  0%| F|  |TAMS 0x00000000fde00000, 0x00000000fde00000| Untracked 
|  31|0x00000000fdf00000, 0x00000000fdf00000, 0x00000000fe000000|  0%| F|  |TAMS 0x00000000fdf00000, 0x00000000fdf00000| Untracked 
|  32|0x00000000fe000000, 0x00000000fe000000, 0x00000000fe100000|  0%| F|  |TAMS 0x00000000fe000000, 0x00000000fe000000| Untracked 
|  33|0x00000000fe100000, 0x00000000fe100000, 0x00000000fe200000|  0%| F|  |TAMS 0x00000000fe100000, 0x00000000fe100000| Untracked 
|  34|0x00000000fe200000, 0x00000000fe200000, 0x00000000fe300000|  0%| F|  |TAMS 0x00000000fe200000, 0x00000000fe200000| Untracked 
|  35|0x00000000fe300000, 0x00000000fe300000, 0x00000000fe400000|  0%| F|  |TAMS 0x00000000fe300000, 0x00000000fe300000| Untracked 
|  36|0x00000000fe400000, 0x00000000fe400000, 0x00000000fe500000|  0%| F|  |TAMS 0x00000000fe400000, 0x00000000fe400000| Untracked 
|  37|0x00000000fe500000, 0x00000000fe500000, 0x00000000fe600000|  0%| F|  |TAMS 0x00000000fe500000, 0x00000000fe500000| Untracked 
|  38|0x00000000fe600000, 0x00000000fe600000, 0x00000000fe700000|  0%| F|  |TAMS 0x00000000fe600000, 0x00000000fe600000| Untracked 
|  39|0x00000000fe700000, 0x00000000fe700000, 0x00000000fe800000|  0%| F|  |TAMS 0x00000000fe700000, 0x00000000fe700000| Untracked 
|  40|0x00000000fe800000, 0x00000000fe800000, 0x00000000fe900000|  0%| F|  |TAMS 0x00000000fe800000, 0x00000000fe800000| Untracked 
|  41|0x00000000fe900000, 0x00000000fe900000, 0x00000000fea00000|  0%| F|  |TAMS 0x00000000fe900000, 0x00000000fe900000| Untracked 
|  42|0x00000000fea00000, 0x00000000fea00000, 0x00000000feb00000|  0%| F|  |TAMS 0x00000000fea00000, 0x00000000fea00000| Untracked 
|  43|0x00000000feb00000, 0x00000000feb00000, 0x00000000fec00000|  0%| F|  |TAMS 0x00000000feb00000, 0x00000000feb00000| Untracked 
|  44|0x00000000fec00000, 0x00000000fec00000, 0x00000000fed00000|  0%| F|  |TAMS 0x00000000fec00000, 0x00000000fec00000| Untracked 
|  45|0x00000000fed00000, 0x00000000fed00000, 0x00000000fee00000|  0%| F|  |TAMS 0x00000000fed00000, 0x00000000fed00000| Untracked 
|  46|0x00000000fee00000, 0x00000000fee00000, 0x00000000fef00000|  0%| F|  |TAMS 0x00000000fee00000, 0x00000000fee00000| Untracked 
|  47|0x00000000fef00000, 0x00000000fef00000, 0x00000000ff000000|  0%| F|  |TAMS 0x00000000fef00000, 0x00000000fef00000| Untracked 
|  48|0x00000000ff000000, 0x00000000ff000000, 0x00000000ff100000|  0%| F|  |TAMS 0x00000000ff000000, 0x00000000ff000000| Untracked 
|  49|0x00000000ff100000, 0x00000000ff100000, 0x00000000ff200000|  0%| F|  |TAMS 0x00000000ff100000, 0x00000000ff100000| Untracked 
|  50|0x00000000ff200000, 0x00000000ff200000, 0x00000000ff300000|  0%| F|  |TAMS 0x00000000ff200000, 0x00000000ff200000| Untracked 
|  51|0x00000000ff300000, 0x00000000ff300000, 0x00000000ff400000|  0%| F|  |TAMS 0x00000000ff300000, 0x00000000ff300000| Untracked 
|  52|0x00000000ff400000, 0x00000000ff400000, 0x00000000ff500000|  0%| F|  |TAMS 0x00000000ff400000, 0x00000000ff400000| Untracked 
|  53|0x00000000ff500000, 0x00000000ff500000, 0x00000000ff600000|  0%| F|  |TAMS 0x00000000ff500000, 0x00000000ff500000| Untracked 
|  54|0x00000000ff600000, 0x00000000ff600000, 0x00000000ff700000|  0%| F|  |TAMS 0x00000000ff600000, 0x00000000ff600000| Untracked 
|  55|0x00000000ff700000, 0x00000000ff7ec0f8, 0x00000000ff800000| 92%| E|  |TAMS 0x00000000ff700000, 0x00000000ff700000| Complete 
|  56|0x00000000ff800000, 0x00000000ff900000, 0x00000000ff900000|100%| E|CS|TAMS 0x00000000ff800000, 0x00000000ff800000| Complete 
|  57|0x00000000ff900000, 0x00000000ffa00000, 0x00000000ffa00000|100%| E|CS|TAMS 0x00000000ff900000, 0x00000000ff900000| Complete 
|  58|0x00000000ffa00000, 0x00000000ffb00000, 0x00000000ffb00000|100%| E|CS|TAMS 0x00000000ffa00000, 0x00000000ffa00000| Complete 
|  59|0x00000000ffb00000, 0x00000000ffc00000, 0x00000000ffc00000|100%| E|CS|TAMS 0x00000000ffb00000, 0x00000000ffb00000| Complete 
|  60|0x00000000ffc00000, 0x00000000ffd00000, 0x00000000ffd00000|100%| E|CS|TAMS 0x00000000ffc00000, 0x00000000ffc00000| Complete 
|  61|0x00000000ffd00000, 0x00000000ffe00000, 0x00000000ffe00000|100%| E|  |TAMS 0x00000000ffd00000, 0x00000000ffd00000| Complete 
|  62|0x00000000ffe00000, 0x00000000fff00000, 0x00000000fff00000|100%| E|CS|TAMS 0x00000000ffe00000, 0x00000000ffe00000| Complete 
|  63|0x00000000fff00000, 0x0000000100000000, 0x0000000100000000|100%| E|CS|TAMS 0x00000000fff00000, 0x00000000fff00000| Complete 

Card table byte_map: [0x0000026b7dfb0000,0x0000026b7dfd0000] _byte_map_base: 0x0000026b7d7d0000

Marking Bits (Prev, Next): (CMBitMap*) 0x0000026b000592b0, (CMBitMap*) 0x0000026b000592f0
 Prev Bits: [0x0000026b7ff00000, 0x0000026b80000000)
 Next Bits: [0x0000026b16c00000, 0x0000026b16d00000)

Polling page: 0x0000026b7df60000

Metaspace:

Usage:
  Non-class:      1.48 MB used.
      Class:    161.73 KB used.
       Both:      1.64 MB used.

Virtual space:
  Non-class space:       64.00 MB reserved,       1.50 MB (  2%) committed,  1 nodes.
      Class space:        1.00 GB reserved,     192.00 KB ( <1%) committed,  1 nodes.
             Both:        1.06 GB reserved,       1.69 MB ( <1%) committed. 

Chunk freelists:
   Non-Class:  11.69 MB
       Class:  15.69 MB
        Both:  27.38 MB

MaxMetaspaceSize: unlimited
CompressedClassSpaceSize: 1.00 GB
Initial GC threshold: 21.00 MB
Current GC threshold: 21.00 MB
CDS: on
MetaspaceReclaimPolicy: balanced
 - commit_granule_bytes: 65536.
 - commit_granule_words: 8192.
 - virtual_space_node_default_size: 8388608.
 - enlarge_chunks_in_place: 1.
 - new_chunks_are_fully_committed: 0.
 - uncommit_free_chunks: 1.
 - use_allocation_guard: 0.
 - handle_deallocations: 1.


Internal statistics:

num_allocs_failed_limit: 0.
num_arena_births: 12.
num_arena_deaths: 0.
num_vsnodes_births: 2.
num_vsnodes_deaths: 0.
num_space_committed: 27.
num_space_uncommitted: 0.
num_chunks_returned_to_freelist: 0.
num_chunks_taken_from_freelist: 41.
num_chunk_merges: 0.
num_chunk_splits: 20.
num_chunks_enlarged: 15.
num_inconsistent_stats: 0.

CodeHeap 'non-profiled nmethods': size=120000Kb used=121Kb max_used=121Kb free=119878Kb
 bounds [0x0000026b0f3a0000, 0x0000026b0f610000, 0x0000026b168d0000]
CodeHeap 'profiled nmethods': size=120000Kb used=594Kb max_used=594Kb free=119405Kb
 bounds [0x0000026b078d0000, 0x0000026b07b40000, 0x0000026b0ee00000]
CodeHeap 'non-nmethods': size=5760Kb used=1118Kb max_used=1136Kb free=4641Kb
 bounds [0x0000026b0ee00000, 0x0000026b0f070000, 0x0000026b0f3a0000]
 total_blobs=803 nmethods=403 adapters=313
 compilation: enabled
              stopped_count=0, restarted_count=0
 full_count=0

Compilation events (20 events):
Event: 0.257 Thread 0x0000026b000fe4e0  391       3       java.util.HashSet::isEmpty (8 bytes)
Event: 0.257 Thread 0x0000026b000fe4e0 nmethod 391 0x0000026b07960c10 code [0x0000026b07960da0, 0x0000026b07960ff8]
Event: 0.258 Thread 0x0000026b000fe4e0  393  s    3       jdk.internal.perf.PerfCounter::add (18 bytes)
Event: 0.258 Thread 0x0000026b000fe4e0 nmethod 393 0x0000026b07961110 code [0x0000026b079612e0, 0x0000026b07961698]
Event: 0.258 Thread 0x0000026b000fe4e0  395       3       java.util.ArrayDeque::inc (12 bytes)
Event: 0.258 Thread 0x0000026b000fe4e0 nmethod 395 0x0000026b07961890 code [0x0000026b07961a20, 0x0000026b07961b58]
Event: 0.258 Thread 0x0000026b000fe4e0  394  s    3       jdk.internal.perf.PerfCounter::get (9 bytes)
Event: 0.258 Thread 0x0000026b000fe4e0 nmethod 394 0x0000026b07961c10 code [0x0000026b07961dc0, 0x0000026b07961fc8]
Event: 0.259 Thread 0x0000026b000fe4e0  396       3       java.io.WinNTFileSystem::prefixLength (91 bytes)
Event: 0.260 Thread 0x0000026b000fe4e0 nmethod 396 0x0000026b07962110 code [0x0000026b07962420, 0x0000026b07963798]
Event: 0.262 Thread 0x0000026b000fe4e0  397       3       java.lang.Math::abs (13 bytes)
Event: 0.262 Thread 0x0000026b000fe4e0 nmethod 397 0x0000026b07963e10 code [0x0000026b07963fa0, 0x0000026b07964118]
Event: 0.262 Thread 0x0000026b000fe4e0  399   !   3       java.util.zip.ZipFile$ZipFileInputStream::close (59 bytes)
Event: 0.262 Thread 0x0000026b000fe4e0 nmethod 399 0x0000026b07964190 code [0x0000026b07964340, 0x0000026b079646a8]
Event: 0.262 Thread 0x0000026b000fe4e0  398       1       java.nio.HeapByteBuffer::isDirect (2 bytes)
Event: 0.262 Thread 0x0000026b000fe4e0 nmethod 398 0x0000026b0f3bba90 code [0x0000026b0f3bbc20, 0x0000026b0f3bbcf8]
Event: 0.263 Thread 0x0000026b000fe4e0  402       3       java.util.regex.Pattern::escape (1327 bytes)
Event: 0.266 Thread 0x0000026b196d6400 nmethod 390 0x0000026b0f3bbd90 code [0x0000026b0f3bbf40, 0x0000026b0f3bc738]
Event: 0.267 Thread 0x0000026b196d6400  401       4       java.util.regex.Matcher::reset (128 bytes)
Event: 0.267 Thread 0x0000026b19ab9230  400       4       java.util.regex.Matcher::match (154 bytes)

GC Heap History (0 events):
No events

Deoptimization events (20 events):
Event: 0.233 Thread 0x0000026b00038440 DEOPT PACKING pc=0x0000026b0792f1be sp=0x000000d0626fd6b0
Event: 0.233 Thread 0x0000026b00038440 DEOPT UNPACKING pc=0x0000026b0ee52b43 sp=0x000000d0626fcb28 mode 0
Event: 0.233 Thread 0x0000026b00038440 DEOPT PACKING pc=0x0000026b0792f1be sp=0x000000d0626fd6b0
Event: 0.233 Thread 0x0000026b00038440 DEOPT UNPACKING pc=0x0000026b0ee52b43 sp=0x000000d0626fcb28 mode 0
Event: 0.236 Thread 0x0000026b00038440 DEOPT PACKING pc=0x0000026b0792f1be sp=0x000000d0626fd6b0
Event: 0.236 Thread 0x0000026b00038440 DEOPT UNPACKING pc=0x0000026b0ee52b43 sp=0x000000d0626fcb28 mode 0
Event: 0.236 Thread 0x0000026b00038440 DEOPT PACKING pc=0x0000026b0792f1be sp=0x000000d0626fd6b0
Event: 0.236 Thread 0x0000026b00038440 DEOPT UNPACKING pc=0x0000026b0ee52b43 sp=0x000000d0626fcb28 mode 0
Event: 0.255 Thread 0x0000026b00038440 DEOPT PACKING pc=0x0000026b079267f2 sp=0x000000d0626fd740
Event: 0.255 Thread 0x0000026b00038440 DEOPT UNPACKING pc=0x0000026b0ee52b43 sp=0x000000d0626fcc00 mode 0
Event: 0.259 Thread 0x0000026b00038440 DEOPT PACKING pc=0x0000026b079267f2 sp=0x000000d0626fd6a0
Event: 0.259 Thread 0x0000026b00038440 DEOPT UNPACKING pc=0x0000026b0ee52b43 sp=0x000000d0626fcb60 mode 0
Event: 0.259 Thread 0x0000026b00038440 DEOPT PACKING pc=0x0000026b079267f2 sp=0x000000d0626fd6a0
Event: 0.259 Thread 0x0000026b00038440 DEOPT UNPACKING pc=0x0000026b0ee52b43 sp=0x000000d0626fcb60 mode 0
Event: 0.263 Thread 0x0000026b00038440 Uncommon trap: trap_request=0xffffff45 fr.pc=0x0000026b0f3b8214 relative=0x0000000000000094
Event: 0.263 Thread 0x0000026b00038440 Uncommon trap: reason=unstable_if action=reinterpret pc=0x0000026b0f3b8214 method=java.util.regex.Pattern.append(II)V @ 9 c2
Event: 0.263 Thread 0x0000026b00038440 DEOPT PACKING pc=0x0000026b0f3b8214 sp=0x000000d0626fd650
Event: 0.263 Thread 0x0000026b00038440 DEOPT UNPACKING pc=0x0000026b0ee523a3 sp=0x000000d0626fd5e0 mode 2
Event: 0.265 Thread 0x0000026b00038440 DEOPT PACKING pc=0x0000026b079267f2 sp=0x000000d0626fd4f0
Event: 0.265 Thread 0x0000026b00038440 DEOPT UNPACKING pc=0x0000026b0ee52b43 sp=0x000000d0626fc9b0 mode 0

Classes unloaded (0 events):
No events

Classes redefined (0 events):
No events

Internal exceptions (1 events):
Event: 0.182 Thread 0x0000026b00038440 Exception <a 'java/lang/NoSuchMethodError'{0x00000000ffc72788}: 'int java.lang.invoke.DirectMethodHandle$Holder.invokeStaticInit(java.lang.Object, java.lang.Object)'> (0x00000000ffc72788) 
thrown [s\open\src\hotspot\share\interpreter\linkResolver.cpp, line 759]

VM Operations (2 events):
Event: 0.076 Executing VM operation: HandshakeAllThreads
Event: 0.076 Executing VM operation: HandshakeAllThreads done

Events (20 events):
Event: 0.165 loading class jdk/internal/access/JavaIOFilePermissionAccess
Event: 0.165 loading class jdk/internal/access/JavaIOFilePermissionAccess done
Event: 0.165 loading class java/io/FilePermission$1 done
Event: 0.165 loading class java/io/FilePermissionCollection
Event: 0.165 loading class java/io/FilePermissionCollection done
Event: 0.165 loading class java/util/Vector
Event: 0.166 loading class java/util/Vector done
Event: 0.166 loading class java/io/FilePermissionCollection$1
Event: 0.166 loading class java/io/FilePermissionCollection$1 done
Event: 0.166 loading class sun/security/util/ManifestEntryVerifier
Event: 0.167 loading class sun/security/util/ManifestEntryVerifier done
Event: 0.185 loading class java/net/MalformedURLException
Event: 0.185 loading class java/net/MalformedURLException done
Event: 0.186 loading class java/io/FileFilter
Event: 0.186 loading class java/io/FileFilter done
Event: 0.204 loading class java/util/AbstractList$Itr
Event: 0.204 loading class java/util/AbstractList$Itr done
Event: 0.218 loading class java/lang/invoke/DirectMethodHandle$Special
Event: 0.218 loading class java/lang/invoke/DirectMethodHandle$Special done
Event: 0.266 Thread 0x0000026b19ab9230 Thread added: 0x0000026b19ab9230


Dynamic libraries:
0x00007ff72e080000 - 0x00007ff72e090000 	C:\Program Files\Java\jdk-17\bin\java.exe
0x00007ffb41210000 - 0x00007ffb41426000 	C:\WINDOWS\SYSTEM32\ntdll.dll
0x00007ffb41050000 - 0x00007ffb41114000 	C:\WINDOWS\System32\KERNEL32.DLL
0x00007ffb3e6d0000 - 0x00007ffb3ea77000 	C:\WINDOWS\System32\KERNELBASE.dll
0x00007ffb3ee20000 - 0x00007ffb3ef31000 	C:\WINDOWS\System32\ucrtbase.dll
0x00007ffb03840000 - 0x00007ffb03859000 	C:\Program Files\Java\jdk-17\bin\jli.dll
0x00007ffb12e70000 - 0x00007ffb12e8b000 	C:\Program Files\Java\jdk-17\bin\VCRUNTIME140.dll
0x00007ffb3ef70000 - 0x00007ffb3f022000 	C:\WINDOWS\System32\ADVAPI32.dll
0x00007ffb41120000 - 0x00007ffb411c7000 	C:\WINDOWS\System32\msvcrt.dll
0x00007ffb3fbb0000 - 0x00007ffb3fc58000 	C:\WINDOWS\System32\sechost.dll
0x00007ffb3e530000 - 0x00007ffb3e558000 	C:\WINDOWS\System32\bcrypt.dll
0x00007ffb3fe60000 - 0x00007ffb3ff75000 	C:\WINDOWS\System32\RPCRT4.dll
0x00007ffb40db0000 - 0x00007ffb40f5e000 	C:\WINDOWS\System32\USER32.dll
0x00007ffb3ed80000 - 0x00007ffb3eda6000 	C:\WINDOWS\System32\win32u.dll
0x00007ffb3ef40000 - 0x00007ffb3ef69000 	C:\WINDOWS\System32\GDI32.dll
0x00007ffb3eba0000 - 0x00007ffb3ecb9000 	C:\WINDOWS\System32\gdi32full.dll
0x00007ffb3ea80000 - 0x00007ffb3eb1a000 	C:\WINDOWS\System32\msvcp_win.dll
0x00007ffb1d430000 - 0x00007ffb1d6c3000 	C:\WINDOWS\WinSxS\amd64_microsoft.windows.common-controls_6595b64144ccf1df_6.0.22621.3235_none_270f74e173860f98\COMCTL32.dll
0x00007ffb36120000 - 0x00007ffb3612a000 	C:\WINDOWS\SYSTEM32\VERSION.dll
0x00007ffb40c10000 - 0x00007ffb40c41000 	C:\WINDOWS\System32\IMM32.DLL
0x00007ffb25860000 - 0x00007ffb2586c000 	C:\Program Files\Java\jdk-17\bin\vcruntime140_1.dll
0x00007ffadcd70000 - 0x00007ffadcdfe000 	C:\Program Files\Java\jdk-17\bin\msvcp140.dll
0x00007ffa86f70000 - 0x00007ffa87b51000 	C:\Program Files\Java\jdk-17\bin\server\jvm.dll
0x00007ffb3f130000 - 0x00007ffb3f138000 	C:\WINDOWS\System32\PSAPI.DLL
0x00007ffb3abd0000 - 0x00007ffb3abd9000 	C:\WINDOWS\SYSTEM32\WSOCK32.dll
0x00007ffb366f0000 - 0x00007ffb36724000 	C:\WINDOWS\SYSTEM32\WINMM.dll
0x00007ffb3f4e0000 - 0x00007ffb3f551000 	C:\WINDOWS\System32\WS2_32.dll
0x00007ffb3d660000 - 0x00007ffb3d678000 	C:\WINDOWS\SYSTEM32\kernel.appcore.dll
0x00007ffb25680000 - 0x00007ffb2568a000 	C:\Program Files\Java\jdk-17\bin\jimage.dll
0x00007ffb3b8d0000 - 0x00007ffb3bb03000 	C:\WINDOWS\SYSTEM32\DBGHELP.DLL
0x00007ffb3f150000 - 0x00007ffb3f4d8000 	C:\WINDOWS\System32\combase.dll
0x00007ffb40f70000 - 0x00007ffb41047000 	C:\WINDOWS\System32\OLEAUT32.dll
0x00007ffb2b170000 - 0x00007ffb2b1a2000 	C:\WINDOWS\SYSTEM32\dbgcore.DLL
0x00007ffb3eb20000 - 0x00007ffb3eb99000 	C:\WINDOWS\System32\bcryptPrimitives.dll
0x00007ffae9710000 - 0x00007ffae9735000 	C:\Program Files\Java\jdk-17\bin\java.dll
0x00007ffadc320000 - 0x00007ffadc3f7000 	C:\Program Files\Java\jdk-17\bin\jsvml.dll
0x00007ffb40000000 - 0x00007ffb4085c000 	C:\WINDOWS\System32\SHELL32.dll
0x00007ffb3c4a0000 - 0x00007ffb3cd99000 	C:\WINDOWS\SYSTEM32\windows.storage.dll
0x00007ffb3c360000 - 0x00007ffb3c49e000 	C:\WINDOWS\SYSTEM32\wintypes.dll
0x00007ffb3f030000 - 0x00007ffb3f123000 	C:\WINDOWS\System32\SHCORE.dll
0x00007ffb3fdf0000 - 0x00007ffb3fe4e000 	C:\WINDOWS\System32\shlwapi.dll
0x00007ffb3e460000 - 0x00007ffb3e481000 	C:\WINDOWS\SYSTEM32\profapi.dll
0x00007ffafd900000 - 0x00007ffafd919000 	C:\Program Files\Java\jdk-17\bin\net.dll
0x00007ffb37c70000 - 0x00007ffb37da6000 	C:\WINDOWS\SYSTEM32\WINHTTP.dll
0x00007ffb3dad0000 - 0x00007ffb3db39000 	C:\WINDOWS\system32\mswsock.dll
0x00007ffafcaf0000 - 0x00007ffafcb06000 	C:\Program Files\Java\jdk-17\bin\nio.dll
0x00007ffaf39d0000 - 0x00007ffaf39e8000 	C:\Program Files\Java\jdk-17\bin\zip.dll

dbghelp: loaded successfully - version: 4.0.5 - missing functions: none
symbol engine: initialized successfully - sym options: 0x614 - pdb path: .;C:\Program Files\Java\jdk-17\bin;C:\WINDOWS\SYSTEM32;C:\WINDOWS\WinSxS\amd64_microsoft.windows.common-controls_6595b64144ccf1df_6.0.22621.3235_none_270f74e173860f98;C:\Program Files\Java\jdk-17\bin\server

VM Arguments:
jvm_args: -Xmx64m -Xms64m -Dorg.gradle.appname=gradlew 
java_command: org.gradle.wrapper.GradleWrapperMain app:installDebug -PreactNativeDevServerPort=8081
java_class_path (initial): C:\Users\vivek\c tutorial course\app\newapp\android\\gradle\wrapper\gradle-wrapper.jar
Launcher Type: SUN_STANDARD

[Global flags]
     intx CICompilerCount                          = 4                                         {product} {ergonomic}
     uint ConcGCThreads                            = 2                                         {product} {ergonomic}
     uint G1ConcRefinementThreads                  = 8                                         {product} {ergonomic}
   size_t G1HeapRegionSize                         = 1048576                                   {product} {ergonomic}
    uintx GCDrainStackTargetSize                   = 64                                        {product} {ergonomic}
   size_t InitialHeapSize                          = 67108864                                  {product} {command line}
   size_t MarkStackSize                            = 4194304                                   {product} {ergonomic}
   size_t MaxHeapSize                              = 67108864                                  {product} {command line}
   size_t MaxNewSize                               = 39845888                                  {product} {ergonomic}
   size_t MinHeapDeltaBytes                        = 1048576                                   {product} {ergonomic}
   size_t MinHeapSize                              = 67108864                                  {product} {command line}
    uintx NonNMethodCodeHeapSize                   = 5839372                                {pd product} {ergonomic}
    uintx NonProfiledCodeHeapSize                  = 122909434                              {pd product} {ergonomic}
    uintx ProfiledCodeHeapSize                     = 122909434                              {pd product} {ergonomic}
    uintx ReservedCodeCacheSize                    = 251658240                              {pd product} {ergonomic}
     bool SegmentedCodeCache                       = true                                      {product} {ergonomic}
   size_t SoftMaxHeapSize                          = 67108864                               {manageable} {ergonomic}
     bool UseCompressedClassPointers               = true                           {product lp64_product} {ergonomic}
     bool UseCompressedOops                        = true                           {product lp64_product} {ergonomic}
     bool UseG1GC                                  = true                                      {product} {ergonomic}
     bool UseLargePagesIndividualAllocation        = false                                  {pd product} {ergonomic}

Logging:
Log output configuration:
 #0: stdout all=warning uptime,level,tags
 #1: stderr all=off uptime,level,tags

Environment Variables:
JAVA_HOME=C:\Program Files\Java\jdk-17
CLASSPATH=C:\Users\vivek\c tutorial course\app\newapp\android\\gradle\wrapper\gradle-wrapper.jar
PATH=C:\Users\vivek\c tutorial course\app\newapp\node_modules\.bin;C:\Users\vivek\c tutorial course\app\newapp\node_modules\.bin;C:\Users\vivek\c tutorial course\app\node_modules\.bin;C:\Users\vivek\c tutorial course\node_modules\.bin;C:\Users\vivek\node_modules\.bin;C:\Users\node_modules\.bin;C:\node_modules\.bin;C:\Users\vivek\AppData\Roaming\npm\node_modules\npm\node_modules\@npmcli\run-script\lib\node-gyp-bin;C:\Program Files\Java\jdk-17\bin;C:\Program Files\Common Files\Oracle\Java\javapath;C:\Python39\Scripts\;C:\Python39\;C:\Windows\system32;C:\Windows;C:\Windows\System32\Wbem;C:\Windows\System32\WindowsPowerShell\v1.0\;C:\Windows\System32\OpenSSH\;C:\Program Files (x86)\NVIDIA Corporation\PhysX\Common;C:\Program Files\NVIDIA Corporation\NVIDIA NvDLISR;C:\Program Files\dotnet\;C:\WINDOWS\system32;C:\WINDOWS;C:\WINDOWS\System32\Wbem;C:\WINDOWS\System32\WindowsPowerShell\v1.0\;C:\WINDOWS\System32\OpenSSH\;C:\Program Files\Git\cmd;C:\ProgramData\chocolatey\bin;C:\ProgramData\nvm;C:\Program Files\nodejs;C:\Users\vivek\AppData\Local\Android\Sdk;C:\Users\vivek\AppData\Local\Android\Sdk\platform-tools;C:\Program Files\Java\jdk-17;C:\Program Files\MySQL\MySQL Shell 8.0\bin\;C:\Users\vivek\AppData\Local\Microsoft\WindowsApps;C:\Users\vivek\AppData\Local\Programs\Microsoft VS Code\bin;C:\Program Files (x86)\mingw-w64\i686-8.1.0-posix-dwarf-rt_v6-rev0\mingw32\bin;C:\Program Files\JetBrains\IntelliJ IDEA Community Edition 2021.2.1\bin;;D:\Flutter\flutter\bin;C:\Users\vivek\AppData\Roaming\npm;C:\Users\vivek\AppData\Local\Android\Sdk;C:\Users\vivek\AppData\Local\Android\Sdk\platform-tools;C:\ProgramData\nvm;C:\Program Files\nodejs;C:\Users\vivek\AppData\Local\Android\Sdk\emulator;C:\Users\vivek\AppData\Local\Android\Sdk\tools;C:\Users\vivek\AppData\Local\Android\Sdk\tools\bin;C:\Program Files\Java\jdk-17;
USERNAME=vivek
LANG=en_US.UTF-8
OS=Windows_NT
PROCESSOR_IDENTIFIER=Intel64 Family 6 Model 165 Stepping 2, GenuineIntel



---------------  S Y S T E M  ---------------

OS:
 Windows 11 , 64 bit Build 22621 (10.0.22621.3374)
OS uptime: 0 days 6:21 hours

CPU: total 8 (initial active 8) (4 cores per cpu, 2 threads per core) family 6 model 165 stepping 2 microcode 0xf8, cx8, cmov, fxsr, ht, mmx, 3dnowpref, sse, sse2, sse3, ssse3, sse4.1, sse4.2, popcnt, lzcnt, tsc, tscinvbit, avx, avx2, aes, erms, clmul, bmi1, bmi2, adx, fma, vzeroupper, clflush, clflushopt

Memory: 4k page, system-wide physical 7985M (547M free)
TotalPageFile size 16929M (AvailPageFile size 81M)
current process WorkingSet (physical memory assigned to process): 48M, peak: 48M
current process commit charge ("private bytes"): 147M, peak: 147M

vm_info: Java HotSpot(TM) 64-Bit Server VM (17.0.9+11-LTS-201) for windows-amd64 JRE (17.0.9+11-LTS-201), built on Oct 10 2023 23:16:06 by "mach5one" with MS VC++ 17.1 (VS2022)

END.
